e:\azuredev\ggengine\vgp336\hellogameobject\x64\debug\vc143.pdb
e:\azuredev\ggengine\vgp336\hellogameobject\x64\debug\vc143.idb
e:\azuredev\ggengine\vgp336\hellogameobject\x64\debug\winmain.obj
e:\azuredev\ggengine\vgp336\hellogameobject\x64\debug\gamestate.obj
e:\azuredev\ggengine\vgp336\hellogameobject\x64\debug\animationchangeservice.obj
e:\azuredev\ggengine\vgp336\hellogameobject\x64\debug\animationchangecomoponent.obj
e:\azuredev\ggengine\x64\debug\hellogameobject.exe
e:\azuredev\ggengine\vgp336\hellogameobject\x64\debug\hellogameobject.ilk
e:\azuredev\ggengine\x64\debug\hellogameobject.pdb
c:\users\user\desktop\ggengine\vgp336\hellogameobject\x64\debug\animationchangecomoponent.obj
c:\users\user\desktop\ggengine\vgp336\hellogameobject\x64\debug\animationchangeservice.obj
c:\users\user\desktop\ggengine\vgp336\hellogameobject\x64\debug\gamestate.obj
c:\users\user\desktop\ggengine\vgp336\hellogameobject\x64\debug\winmain.obj
c:\users\user\desktop\ggengine\vgp336\hellogameobject\x64\debug\hellogameobject.ilk
c:\users\user\desktop\ggengine\vgp336\hellogameobject\x64\debug\vc143.idb
c:\users\user\desktop\ggengine\vgp336\hellogameobject\x64\debug\vc143.pdb
c:\users\user\desktop\ggengine\x64\debug\hellogameobject.pdb
c:\users\user\desktop\ggengine\x64\debug\hellogameobject.exe
c:\users\user\desktop\ggengine\vgp336\hellogameobject\x64\debug\hellogameobject.tlog\cl.command.1.tlog
c:\users\user\desktop\ggengine\vgp336\hellogameobject\x64\debug\hellogameobject.tlog\cl.read.1.tlog
c:\users\user\desktop\ggengine\vgp336\hellogameobject\x64\debug\hellogameobject.tlog\cl.write.1.tlog
c:\users\user\desktop\ggengine\vgp336\hellogameobject\x64\debug\hellogameobject.tlog\link.command.1.tlog
c:\users\user\desktop\ggengine\vgp336\hellogameobject\x64\debug\hellogameobject.tlog\link.read.1.tlog
c:\users\user\desktop\ggengine\vgp336\hellogameobject\x64\debug\hellogameobject.tlog\link.write.1.tlog
