e:\azuredev\ggengine\framework\math\x64\debug\math.pch
e:\azuredev\ggengine\x64\debug\math.pdb
e:\azuredev\ggengine\x64\debug\math.idb
e:\azuredev\ggengine\framework\math\x64\debug\precompiled.obj
e:\azuredev\ggengine\framework\math\x64\debug\quaternion.obj
e:\azuredev\ggengine\framework\math\x64\debug\ggmath.obj
c:\users\user\desktop\ggengine\framework\math\x64\debug\math.pch
c:\users\user\desktop\ggengine\x64\debug\math.pdb
c:\users\user\desktop\ggengine\x64\debug\math.idb
c:\users\user\desktop\ggengine\framework\math\x64\debug\precompiled.obj
c:\users\user\desktop\ggengine\framework\math\x64\debug\quaternion.obj
c:\users\user\desktop\ggengine\framework\math\x64\debug\ggmath.obj
e:\azuredev\ggengine\x64\debug\math.lib
c:\users\user\desktop\ggengine\x64\debug\math.lib
c:\users\user\desktop\ggengine\framework\math\x64\debug\math.tlog\cl.command.1.tlog
c:\users\user\desktop\ggengine\framework\math\x64\debug\math.tlog\cl.read.1.tlog
c:\users\user\desktop\ggengine\framework\math\x64\debug\math.tlog\cl.write.1.tlog
c:\users\user\desktop\ggengine\framework\math\x64\debug\math.tlog\lib-link.read.1.tlog
c:\users\user\desktop\ggengine\framework\math\x64\debug\math.tlog\lib-link.write.1.tlog
c:\users\user\desktop\ggengine\framework\math\x64\debug\math.tlog\lib.command.1.tlog
