e:\azuredev\ggengine\x64\debug\physics.pdb
e:\azuredev\ggengine\x64\debug\physics.idb
e:\azuredev\ggengine\framework\physics\x64\debug\physicsworld.obj
e:\azuredev\ggengine\framework\physics\x64\debug\rigidbody.obj
e:\azuredev\ggengine\framework\physics\x64\debug\collisionshape.obj
e:\azuredev\ggengine\framework\physics\x64\debug\physics.pch
e:\azuredev\ggengine\framework\physics\x64\debug\precompiled.obj
e:\azuredev\ggengine\framework\physics\x64\debug\physicsdebugdrawer.obj
c:\users\user\desktop\ggengine\framework\physics\x64\debug\physics.pch
c:\users\user\desktop\ggengine\x64\debug\physics.pdb
c:\users\user\desktop\ggengine\x64\debug\physics.idb
c:\users\user\desktop\ggengine\framework\physics\x64\debug\precompiled.obj
c:\users\user\desktop\ggengine\framework\physics\x64\debug\rigidbody.obj
c:\users\user\desktop\ggengine\framework\physics\x64\debug\physicsdebugdrawer.obj
c:\users\user\desktop\ggengine\framework\physics\x64\debug\collisionshape.obj
c:\users\user\desktop\ggengine\framework\physics\x64\debug\physicsworld.obj
e:\azuredev\ggengine\x64\debug\physics.lib
c:\users\user\desktop\ggengine\x64\debug\physics.lib
c:\users\user\desktop\ggengine\framework\physics\x64\debug\physics.vcxproj.cppwinrt_comp.rsp
c:\users\user\desktop\ggengine\framework\physics\x64\debug\physics.vcxproj.cppwinrt_plat.rsp
c:\users\user\desktop\ggengine\framework\physics\x64\debug\physics.vcxproj.mdmerge.rsp
c:\users\user\desktop\ggengine\framework\physics\x64\debug\physics.vcxproj.midlrt.rsp
c:\users\user\desktop\ggengine\framework\physics\x64\debug\physics.tlog\cl.command.1.tlog
c:\users\user\desktop\ggengine\framework\physics\x64\debug\physics.tlog\cl.read.1.tlog
c:\users\user\desktop\ggengine\framework\physics\x64\debug\physics.tlog\cl.write.1.tlog
c:\users\user\desktop\ggengine\framework\physics\x64\debug\physics.tlog\lib-link.read.1.tlog
c:\users\user\desktop\ggengine\framework\physics\x64\debug\physics.tlog\lib-link.write.1.tlog
c:\users\user\desktop\ggengine\framework\physics\x64\debug\physics.tlog\lib.command.1.tlog
