e:\azuredev\ggengine\vgp334\hellomeshanimation\x64\debug\vc143.pdb
e:\azuredev\ggengine\vgp334\hellomeshanimation\x64\debug\vc143.idb
e:\azuredev\ggengine\vgp334\hellomeshanimation\x64\debug\winmain.obj
e:\azuredev\ggengine\vgp334\hellomeshanimation\x64\debug\gamestate.obj
e:\azuredev\ggengine\x64\debug\hellomeshanimation.exe
e:\azuredev\ggengine\vgp334\hellomeshanimation\x64\debug\hellomeshanimation.ilk
e:\azuredev\ggengine\x64\debug\hellomeshanimation.pdb
c:\users\user\desktop\ggengine\vgp334\hellomeshanimation\x64\debug\gamestate.obj
c:\users\user\desktop\ggengine\vgp334\hellomeshanimation\x64\debug\winmain.obj
c:\users\user\desktop\ggengine\vgp334\hellomeshanimation\x64\debug\hellomeshanimation.ilk
c:\users\user\desktop\ggengine\vgp334\hellomeshanimation\x64\debug\vc143.idb
c:\users\user\desktop\ggengine\vgp334\hellomeshanimation\x64\debug\vc143.pdb
c:\users\user\desktop\ggengine\x64\debug\hellomeshanimation.pdb
c:\users\user\desktop\ggengine\x64\debug\hellomeshanimation.exe
c:\users\user\desktop\ggengine\vgp334\hellomeshanimation\x64\debug\hellomes.c6411288.tlog\cl.command.1.tlog
c:\users\user\desktop\ggengine\vgp334\hellomeshanimation\x64\debug\hellomes.c6411288.tlog\cl.read.1.tlog
c:\users\user\desktop\ggengine\vgp334\hellomeshanimation\x64\debug\hellomes.c6411288.tlog\cl.write.1.tlog
c:\users\user\desktop\ggengine\vgp334\hellomeshanimation\x64\debug\hellomes.c6411288.tlog\link.command.1.tlog
c:\users\user\desktop\ggengine\vgp334\hellomeshanimation\x64\debug\hellomes.c6411288.tlog\link.read.1.tlog
c:\users\user\desktop\ggengine\vgp334\hellomeshanimation\x64\debug\hellomes.c6411288.tlog\link.write.1.tlog
