e:\azuredev\ggengine\vgp334\helloblendstate\x64\debug\vc143.pdb
e:\azuredev\ggengine\vgp334\helloblendstate\x64\debug\vc143.idb
e:\azuredev\ggengine\vgp334\helloblendstate\x64\debug\winmain.obj
e:\azuredev\ggengine\vgp334\helloblendstate\x64\debug\gamestate.obj
e:\azuredev\ggengine\vgp334\helloblendstate\x64\debug\helloblendstate.ilk
e:\azuredev\ggengine\x64\debug\helloblendstate.exe
e:\azuredev\ggengine\x64\debug\helloblendstate.pdb
c:\users\user\desktop\ggengine\vgp334\helloblendstate\x64\debug\gamestate.obj
c:\users\user\desktop\ggengine\vgp334\helloblendstate\x64\debug\winmain.obj
c:\users\user\desktop\ggengine\vgp334\helloblendstate\x64\debug\helloblendstate.ilk
c:\users\user\desktop\ggengine\vgp334\helloblendstate\x64\debug\vc143.idb
c:\users\user\desktop\ggengine\vgp334\helloblendstate\x64\debug\vc143.pdb
c:\users\user\desktop\ggengine\x64\debug\helloblendstate.pdb
c:\users\user\desktop\ggengine\x64\debug\helloblendstate.exe
c:\users\user\desktop\ggengine\vgp334\helloblendstate\x64\debug\helloblendstate.tlog\cl.command.1.tlog
c:\users\user\desktop\ggengine\vgp334\helloblendstate\x64\debug\helloblendstate.tlog\cl.read.1.tlog
c:\users\user\desktop\ggengine\vgp334\helloblendstate\x64\debug\helloblendstate.tlog\cl.write.1.tlog
c:\users\user\desktop\ggengine\vgp334\helloblendstate\x64\debug\helloblendstate.tlog\link.command.1.tlog
c:\users\user\desktop\ggengine\vgp334\helloblendstate\x64\debug\helloblendstate.tlog\link.read.1.tlog
c:\users\user\desktop\ggengine\vgp334\helloblendstate\x64\debug\helloblendstate.tlog\link.write.1.tlog
