e:\azuredev\ggengine\x64\debug\core.pdb
e:\azuredev\ggengine\x64\debug\core.idb
e:\azuredev\ggengine\framework\core\x64\debug\windowmessagehandler.obj
e:\azuredev\ggengine\framework\core\x64\debug\window.obj
e:\azuredev\ggengine\framework\core\x64\debug\timeutil.obj
e:\azuredev\ggengine\framework\core\x64\debug\core.pch
e:\azuredev\ggengine\framework\core\x64\debug\precompiled.obj
e:\azuredev\ggengine\framework\core\x64\debug\blockallocator.obj
c:\users\user\desktop\ggengine\framework\core\x64\debug\core.pch
c:\users\user\desktop\ggengine\x64\debug\core.pdb
c:\users\user\desktop\ggengine\x64\debug\core.idb
c:\users\user\desktop\ggengine\framework\core\x64\debug\precompiled.obj
c:\users\user\desktop\ggengine\framework\core\x64\debug\windowmessagehandler.obj
c:\users\user\desktop\ggengine\framework\core\x64\debug\window.obj
c:\users\user\desktop\ggengine\framework\core\x64\debug\timeutil.obj
c:\users\user\desktop\ggengine\framework\core\x64\debug\blockallocator.obj
e:\azuredev\ggengine\x64\debug\core.lib
c:\users\user\desktop\ggengine\x64\debug\core.lib
c:\users\user\desktop\ggengine\framework\core\x64\debug\core.tlog\cl.command.1.tlog
c:\users\user\desktop\ggengine\framework\core\x64\debug\core.tlog\cl.read.1.tlog
c:\users\user\desktop\ggengine\framework\core\x64\debug\core.tlog\cl.write.1.tlog
c:\users\user\desktop\ggengine\framework\core\x64\debug\core.tlog\lib-link.read.1.tlog
c:\users\user\desktop\ggengine\framework\core\x64\debug\core.tlog\lib-link.write.1.tlog
c:\users\user\desktop\ggengine\framework\core\x64\debug\core.tlog\lib.command.1.tlog
