e:\azuredev\ggengine\vgp336\finally\x64\debug\vc143.pdb
e:\azuredev\ggengine\vgp336\finally\x64\debug\vc143.idb
e:\azuredev\ggengine\vgp336\finally\x64\debug\winmain.obj
e:\azuredev\ggengine\vgp336\finally\x64\debug\gamestate.obj
c:\users\user\desktop\ggengine\vgp336\finally\x64\debug\vc143.pdb
c:\users\user\desktop\ggengine\vgp336\finally\x64\debug\vc143.idb
c:\users\user\desktop\ggengine\vgp336\finally\x64\debug\winmain.obj
c:\users\user\desktop\ggengine\vgp336\finally\x64\debug\gamestate.obj
e:\azuredev\ggengine\x64\debug\finally.exe
e:\azuredev\ggengine\vgp336\finally\x64\debug\finally.ilk
e:\azuredev\ggengine\x64\debug\finally.pdb
c:\users\user\desktop\ggengine\x64\debug\finally.exe
c:\users\user\desktop\ggengine\vgp336\finally\x64\debug\finally.ilk
c:\users\user\desktop\ggengine\x64\debug\finally.pdb
c:\users\user\desktop\ggengine\vgp336\finally\x64\debug\finally.tlog\cl.command.1.tlog
c:\users\user\desktop\ggengine\vgp336\finally\x64\debug\finally.tlog\cl.read.1.tlog
c:\users\user\desktop\ggengine\vgp336\finally\x64\debug\finally.tlog\cl.write.1.tlog
c:\users\user\desktop\ggengine\vgp336\finally\x64\debug\finally.tlog\link.command.1.tlog
c:\users\user\desktop\ggengine\vgp336\finally\x64\debug\finally.tlog\link.read.1.tlog
c:\users\user\desktop\ggengine\vgp336\finally\x64\debug\finally.tlog\link.write.1.tlog
