e:\azuredev\ggengine\x64\debug\ggengine.pdb
e:\azuredev\ggengine\x64\debug\ggengine.idb
e:\azuredev\ggengine\engine\ggengine\x64\debug\ggengine.obj
e:\azuredev\ggengine\engine\ggengine\x64\debug\app.obj
e:\azuredev\ggengine\engine\ggengine\x64\debug\transformcomponent.obj
e:\azuredev\ggengine\engine\ggengine\x64\debug\gameworld.obj
e:\azuredev\ggengine\engine\ggengine\x64\debug\gameobjectfactory.obj
e:\azuredev\ggengine\engine\ggengine\x64\debug\gameobject.obj
e:\azuredev\ggengine\engine\ggengine\x64\debug\fpscameracontrollercomponent.obj
e:\azuredev\ggengine\engine\ggengine\x64\debug\cameracomponent.obj
e:\azuredev\ggengine\engine\ggengine\x64\debug\renderservice.obj
e:\azuredev\ggengine\engine\ggengine\x64\debug\modelcomponent.obj
e:\azuredev\ggengine\engine\ggengine\x64\debug\cameraservice.obj
e:\azuredev\ggengine\engine\ggengine\x64\debug\rigidbodycomponent.obj
e:\azuredev\ggengine\engine\ggengine\x64\debug\meshcomponent.obj
e:\azuredev\ggengine\engine\ggengine\x64\debug\collidercomponent.obj
e:\azuredev\ggengine\engine\ggengine\x64\debug\animatorcomponent.obj
e:\azuredev\ggengine\engine\ggengine\x64\debug\thirdpersoncameracomponent.obj
e:\azuredev\ggengine\engine\ggengine\x64\debug\charactercontollercomponent.obj
e:\azuredev\ggengine\engine\ggengine\x64\debug\ggengine.pch
e:\azuredev\ggengine\engine\ggengine\x64\debug\precompiled.obj
c:\users\user\desktop\ggengine\engine\ggengine\x64\debug\ggengine.pch
c:\users\user\desktop\ggengine\x64\debug\ggengine.pdb
c:\users\user\desktop\ggengine\x64\debug\ggengine.idb
c:\users\user\desktop\ggengine\engine\ggengine\x64\debug\precompiled.obj
c:\users\user\desktop\ggengine\engine\ggengine\x64\debug\transformcomponent.obj
c:\users\user\desktop\ggengine\engine\ggengine\x64\debug\thirdpersoncameracomponent.obj
c:\users\user\desktop\ggengine\engine\ggengine\x64\debug\rigidbodycomponent.obj
c:\users\user\desktop\ggengine\engine\ggengine\x64\debug\renderservice.obj
c:\users\user\desktop\ggengine\engine\ggengine\x64\debug\modelcomponent.obj
c:\users\user\desktop\ggengine\engine\ggengine\x64\debug\meshcomponent.obj
c:\users\user\desktop\ggengine\engine\ggengine\x64\debug\ggengine.obj
c:\users\user\desktop\ggengine\engine\ggengine\x64\debug\gameworld.obj
c:\users\user\desktop\ggengine\engine\ggengine\x64\debug\gameobjectfactory.obj
c:\users\user\desktop\ggengine\engine\ggengine\x64\debug\gameobject.obj
c:\users\user\desktop\ggengine\engine\ggengine\x64\debug\fpscameracontrollercomponent.obj
c:\users\user\desktop\ggengine\engine\ggengine\x64\debug\collidercomponent.obj
c:\users\user\desktop\ggengine\engine\ggengine\x64\debug\charactercontollercomponent.obj
c:\users\user\desktop\ggengine\engine\ggengine\x64\debug\cameraservice.obj
c:\users\user\desktop\ggengine\engine\ggengine\x64\debug\cameracomponent.obj
c:\users\user\desktop\ggengine\engine\ggengine\x64\debug\app.obj
c:\users\user\desktop\ggengine\engine\ggengine\x64\debug\animatorcomponent.obj
e:\azuredev\ggengine\x64\debug\ggengine.lib
c:\users\user\desktop\ggengine\x64\debug\ggengine.lib
c:\users\user\desktop\ggengine\engine\ggengine\x64\debug\ggengine.tlog\cl.command.1.tlog
c:\users\user\desktop\ggengine\engine\ggengine\x64\debug\ggengine.tlog\cl.read.1.tlog
c:\users\user\desktop\ggengine\engine\ggengine\x64\debug\ggengine.tlog\cl.write.1.tlog
c:\users\user\desktop\ggengine\engine\ggengine\x64\debug\ggengine.tlog\lib-link.read.1.tlog
c:\users\user\desktop\ggengine\engine\ggengine\x64\debug\ggengine.tlog\lib-link.write.1.tlog
c:\users\user\desktop\ggengine\engine\ggengine\x64\debug\ggengine.tlog\lib.command.1.tlog
