e:\azuredev\ggengine\x64\debug\graphics.pdb
e:\azuredev\ggengine\x64\debug\graphics.idb
e:\azuredev\ggengine\framework\graphics\x64\debug\standardeffect.obj
e:\azuredev\ggengine\framework\graphics\x64\debug\shadoweffect.obj
e:\azuredev\ggengine\framework\graphics\x64\debug\renderobject.obj
e:\azuredev\ggengine\framework\graphics\x64\debug\postprocessingeffect.obj
e:\azuredev\ggengine\framework\graphics\x64\debug\modelmanager.obj
e:\azuredev\ggengine\framework\graphics\x64\debug\modelio.obj
e:\azuredev\ggengine\framework\graphics\x64\debug\meshbuilder.obj
e:\azuredev\ggengine\framework\graphics\x64\debug\animtor.obj
e:\azuredev\ggengine\framework\graphics\x64\debug\animationutil.obj
e:\azuredev\ggengine\framework\graphics\x64\debug\graphics.pch
e:\azuredev\ggengine\framework\graphics\x64\debug\precompiled.obj
e:\azuredev\ggengine\framework\graphics\x64\debug\sampler.obj
e:\azuredev\ggengine\framework\graphics\x64\debug\rendertarget.obj
e:\azuredev\ggengine\framework\graphics\x64\debug\reflectioneffect.obj
e:\azuredev\ggengine\framework\graphics\x64\debug\pixelshader.obj
e:\azuredev\ggengine\framework\graphics\x64\debug\meshbuffer.obj
e:\azuredev\ggengine\framework\graphics\x64\debug\graphicsystem.obj
e:\azuredev\ggengine\framework\graphics\x64\debug\debugui.obj
e:\azuredev\ggengine\framework\graphics\x64\debug\constantbuffer.obj
e:\azuredev\ggengine\framework\graphics\x64\debug\celeffect.obj
e:\azuredev\ggengine\framework\graphics\x64\debug\camera.obj
e:\azuredev\ggengine\framework\graphics\x64\debug\blendstate.obj
e:\azuredev\ggengine\framework\graphics\x64\debug\vertexshader.obj
e:\azuredev\ggengine\framework\graphics\x64\debug\texturemanger.obj
e:\azuredev\ggengine\framework\graphics\x64\debug\texture.obj
e:\azuredev\ggengine\framework\graphics\x64\debug\simpledraw.obj
e:\azuredev\ggengine\framework\graphics\x64\debug\animationbuilder.obj
e:\azuredev\ggengine\framework\graphics\x64\debug\animation.obj
c:\users\user\desktop\ggengine\framework\graphics\x64\debug\graphics.pch
c:\users\user\desktop\ggengine\x64\debug\graphics.pdb
c:\users\user\desktop\ggengine\x64\debug\graphics.idb
c:\users\user\desktop\ggengine\framework\graphics\x64\debug\precompiled.obj
c:\users\user\desktop\ggengine\framework\graphics\x64\debug\sampler.obj
c:\users\user\desktop\ggengine\framework\graphics\x64\debug\rendertarget.obj
c:\users\user\desktop\ggengine\framework\graphics\x64\debug\renderobject.obj
c:\users\user\desktop\ggengine\framework\graphics\x64\debug\reflectioneffect.obj
c:\users\user\desktop\ggengine\framework\graphics\x64\debug\postprocessingeffect.obj
c:\users\user\desktop\ggengine\framework\graphics\x64\debug\pixelshader.obj
c:\users\user\desktop\ggengine\framework\graphics\x64\debug\modelmanager.obj
c:\users\user\desktop\ggengine\framework\graphics\x64\debug\modelio.obj
c:\users\user\desktop\ggengine\framework\graphics\x64\debug\meshbuilder.obj
c:\users\user\desktop\ggengine\framework\graphics\x64\debug\meshbuffer.obj
c:\users\user\desktop\ggengine\framework\graphics\x64\debug\graphicsystem.obj
c:\users\user\desktop\ggengine\framework\graphics\x64\debug\debugui.obj
c:\users\user\desktop\ggengine\framework\graphics\x64\debug\constantbuffer.obj
c:\users\user\desktop\ggengine\framework\graphics\x64\debug\celeffect.obj
c:\users\user\desktop\ggengine\framework\graphics\x64\debug\camera.obj
c:\users\user\desktop\ggengine\framework\graphics\x64\debug\blendstate.obj
c:\users\user\desktop\ggengine\framework\graphics\x64\debug\animtor.obj
c:\users\user\desktop\ggengine\framework\graphics\x64\debug\animationutil.obj
c:\users\user\desktop\ggengine\framework\graphics\x64\debug\animationbuilder.obj
c:\users\user\desktop\ggengine\framework\graphics\x64\debug\animation.obj
c:\users\user\desktop\ggengine\framework\graphics\x64\debug\vertexshader.obj
c:\users\user\desktop\ggengine\framework\graphics\x64\debug\texturemanger.obj
c:\users\user\desktop\ggengine\framework\graphics\x64\debug\texture.obj
c:\users\user\desktop\ggengine\framework\graphics\x64\debug\standardeffect.obj
c:\users\user\desktop\ggengine\framework\graphics\x64\debug\simpledraw.obj
c:\users\user\desktop\ggengine\framework\graphics\x64\debug\shadoweffect.obj
e:\azuredev\ggengine\x64\debug\graphics.lib
c:\users\user\desktop\ggengine\x64\debug\graphics.lib
c:\users\user\desktop\ggengine\framework\graphics\x64\debug\graphics.tlog\cl.command.1.tlog
c:\users\user\desktop\ggengine\framework\graphics\x64\debug\graphics.tlog\cl.read.1.tlog
c:\users\user\desktop\ggengine\framework\graphics\x64\debug\graphics.tlog\cl.write.1.tlog
c:\users\user\desktop\ggengine\framework\graphics\x64\debug\graphics.tlog\lib-link.read.1.tlog
c:\users\user\desktop\ggengine\framework\graphics\x64\debug\graphics.tlog\lib-link.write.1.tlog
c:\users\user\desktop\ggengine\framework\graphics\x64\debug\graphics.tlog\lib.command.1.tlog
